3LVK_combo
1GLA_combo
1CGI_combo
5Y9J_combo
1EWY_combo
1UDI_combo
3VLB_combo
1J2J_combo
5CBA_combo
2OOB_combo
4IZ7_combo
3RJQ_combo
1GHQ_combo
1MQ8_combo
1YVB_combo
2JEL_combo
2IDO_combo
1MAH_combo
1N2C_combo
2C0L_combo
1GCQ_combo
1KXP_combo
6B0S_combo
3SGQ_combo
5HGG_combo
1WQ1_combo
1FQ1_combo
1AKJ_combo
1KXQ_combo
2OT3_combo
5HYS_combo
BAAD_combo
1Y64_combo
1KAC_combo
1M27_combo
1ZHH_combo
2FJG_combo
3H11_combo
1R6Q_combo
5WHK_combo
3K75_combo
1PVH_combo
1OPH_combo
1S78_combo
1ZHI_combo
3R9A_combo
3HMX_combo
3D5S_combo
5WK3_combo
1NW9_combo
BOYV_combo
1AY7_combo
1GP2_combo
4M5Z_combo
3BX7_combo
2HLE_combo
3V6Z_combo
1K74_combo
1I9R_combo
3U7Y_combo
4JCV_combo
1JZD_combo
1IBR_combo
5E5M_combo
2O3B_combo
1EXB_combo
1K4C_combo
1RKE_combo
1FCC_combo
1JTG_combo
1EAW_combo
1AHW_combo
1FAK_combo
3BIW_combo
3MXW_combo
1H9D_combo
3PC8_combo
1BGX_combo
6EY6_combo
1KLU_combo
3A4S_combo
1RLB_combo
1US7_combo
4DN4_combo
1R8S_combo
4Y7M_combo
2A9K_combo
1I4D_combo
1DFJ_combo
1ATN_combo
BP57_combo
2YVJ_combo
1TMQ_combo
1IJK_combo
1JTD_combo
1F6M_combo
CP57_combo
1GXD_combo
5SV3_combo
1IRA_combo
4POU_combo
1A2K_combo
4LW4_combo
1IB1_combo
2OUL_combo
3SE8_combo
7CEI_combo
1ML0_combo
1GPW_combo
1KTZ_combo
1NSN_combo
3FN1_combo
4M76_combo
2B4J_combo
1JPS_combo
1Z5Y_combo
1DE4_combo
5X0T_combo
3L89_combo
3EO1_combo
1XQS_combo
1B6C_combo
2I25_combo
6BPC_combo
1F51_combo
1H1V_combo
1BUH_combo
1HIA_combo
4M3K_combo
5O14_combo
4G6J_combo
1AK4_combo
6DBG_combo
1FFW_combo
1DQJ_combo
2UUY_combo
5WUX_combo
3DAW_combo
1F34_combo
4FP8_combo
2OZA_combo
2W9E_combo
3F1P_combo
3AAD_combo
2AJF_combo
1LFD_combo
2AYO_combo
1XU1_combo
4FQI_combo
6A77_combo
5JMO_combo
1XD3_combo
1K5D_combo
3EOA_combo
1E6J_combo
1E96_combo
2OOR_combo
9QFW_combo
2A5T_combo
1JWH_combo
4GAM_combo
1PPE_combo
1BKD_combo
2SNI_combo
1D6R_combo
1RV6_combo
1MLC_combo
1Z0K_combo
2O8V_combo
1OYV_combo
1KKL_combo
4CPA_combo
3AAA_combo
6A0Z_combo
1FC2_combo
2FD6_combo
2FJU_combo
3L5W_combo
1EZU_combo
1PXV_combo
1FQJ_combo
2J7P_combo
2X9A_combo
1EFN_combo
1AVX_combo
2H7V_combo
1HE1_combo
2HMI_combo
1HCF_combo
1JK9_combo
2A1A_combo
2VDB_combo
1BJ1_combo
6AL0_combo
2I9B_combo
1JMO_combo
2J0T_combo
2HQS_combo
1M10_combo
5C7X_combo
3HI6_combo
4HX3_combo
4G6M_combo
1ZLI_combo
3WD5_combo
6CWG_combo
1OC0_combo
2ABZ_combo
2G77_combo
2B42_combo
1BVK_combo
3H2V_combo
5KOV_combo
2MTA_combo
3CPH_combo
2HRK_combo
1S1Q_combo
1AZS_combo
1SYX_combo
4DW2_combo
1QA9_combo
1WDW_combo
1I2M_combo
5O1R_combo
1E4K_combo
1ZM4_combo
2VXT_combo
1IQD_combo
5VNW_combo
4ETQ_combo
3G6D_combo
1WEJ_combo
2GTP_combo
1T6B_combo
4FZA_combo
3S9D_combo
2VIS_combo
5GRJ_combo
3MJ9_combo
1E6E_combo
1R0R_combo
1GL1_combo
1BVN_combo
1OFU_combo
1FSK_combo
2GAF_combo
1VFB_combo
1ACB_combo
1GRN_combo
2NZ8_combo
3RVW_combo
3SZK_combo
1CLV_combo
2PCC_combo
1NCA_combo
1SBB_combo
4GXU_combo
1HE8_combo
2Z0E_combo
2SIC_combo
2CFH_combo
1EER_combo
2DD8_combo
2BTF_combo
1JIW_combo
3BP8_combo
6OC3_combo
4H03_combo
1QFW_combo
3P57_combo
1FLE_combo
Finished
